<?xml version="1.0" encoding="UTF-8"?>
<!-- Generated by org.testng.reporters.JUnitReportReporter -->
<testsuite hostname="DESKTOP-GL3LVOV" failures="0" tests="1" name="academy.E2EProject.ValidateNavbar" time="0.067" errors="0" timestamp="2022-02-01T10:16:37 PKT" skipped="0">
  <testcase classname="academy.E2EProject.ValidateNavbar" name="ValidateNavigation" time="0.067"/>
  <system-out/>
</testsuite> <!-- academy.E2EProject.ValidateNavbar -->
