<?xml version="1.0" encoding="UTF-8"?>
<!-- Generated by org.testng.reporters.JUnitReportReporter -->
<testsuite hostname="DESKTOP-GL3LVOV" failures="0" tests="1" name="academy.E2EProject.HomePage" time="10.669" errors="0" timestamp="2022-02-02T12:34:05 PKT" skipped="0">
  <testcase classname="academy.E2EProject.HomePage" name="HomePageNavigation" time="10.669"/>
  <system-out/>
</testsuite> <!-- academy.E2EProject.HomePage -->
