<?xml version="1.0" encoding="UTF-8"?>
<!-- Generated by org.testng.reporters.JUnitReportReporter -->
<testsuite skipped="0" hostname="DESKTOP-GL3LVOV" name="academy.E2EProject.ValidateNavbar" tests="1" failures="0" timestamp="2022-02-04T10:54:49 PKT" time="0.183" errors="0">
  <testcase name="ValidateNavigation" time="0.183" classname="academy.E2EProject.ValidateNavbar"/>
  <system-out/>
</testsuite> <!-- academy.E2EProject.ValidateNavbar -->
